# JRE version: OpenJDK Runtime Environment (8.0_242-b01) (build 1.8.0_242-release-1644-b01)
# Java VM: OpenJDK 64-Bit Server VM (25.242-b01 mixed mode windows-amd64 compressed oops)
Heap:
 PSYoungGen      total 621056K, used 521415K [0x00000000d5580000, 0x0000000100000000, 0x0000000100000000)
  eden space 544256K, 95% used [0x00000000d5580000,0x00000000f52b1ef0,0x00000000f6900000)
  from space 76800K, 0% used [0x00000000f6900000,0x00000000f6900000,0x00000000fb400000)
  to   space 77312K, 0% used [0x00000000fb480000,0x00000000fb480000,0x0000000100000000)
 ParOldGen       total 325120K, used 74019K [0x0000000080000000, 0x0000000093d80000, 0x00000000d5580000)
  object space 325120K, 22% used [0x0000000080000000,0x0000000084848f20,0x0000000093d80000)
 Metaspace       used 101335K, capacity 107418K, committed 107672K, reserved 1142784K
  class space    used 13393K, capacity 14637K, committed 14760K, reserved 1048576K
GC Heap History (10 events):
Event: 115.950 GC heap before
{Heap before GC invocations=25 (full 3):
 PSYoungGen      total 507392K, used 482794K [0x00000000d5580000, 0x0000000100000000, 0x0000000100000000)
  eden space 434176K, 100% used [0x00000000d5580000,0x00000000efd80000,0x00000000efd80000)
  from space 73216K, 66% used [0x00000000efd80000,0x00000000f2cfabd0,0x00000000f4500000)
  to   space 75776K, 0% used [0x00000000fb600000,0x00000000fb600000,0x0000000100000000)
 ParOldGen       total 229888K, used 88882K [0x0000000080000000, 0x000000008e080000, 0x00000000d5580000)
  object space 229888K, 38% used [0x0000000080000000,0x00000000856cc870,0x000000008e080000)
 Metaspace       used 90885K, capacity 95938K, committed 96152K, reserved 1132544K
  class space    used 11955K, capacity 12955K, committed 12968K, reserved 1048576K
Event: 115.986 GC heap after
Heap after GC invocations=25 (full 3):
 PSYoungGen      total 620032K, used 48816K [0x00000000d5580000, 0x0000000100000000, 0x0000000100000000)
  eden space 544256K, 0% used [0x00000000d5580000,0x00000000d5580000,0x00000000f6900000)
  from space 75776K, 64% used [0x00000000fb600000,0x00000000fe5ac3e0,0x0000000100000000)
  to   space 77312K, 0% used [0x00000000f6900000,0x00000000f6900000,0x00000000fb480000)
 ParOldGen       total 229888K, used 101386K [0x0000000080000000, 0x000000008e080000, 0x00000000d5580000)
  object space 229888K, 44% used [0x0000000080000000,0x0000000086302908,0x000000008e080000)
 Metaspace       used 90885K, capacity 95938K, committed 96152K, reserved 1132544K
  class space    used 11955K, capacity 12955K, committed 12968K, reserved 1048576K
}
Event: 116.509 GC heap before
{Heap before GC invocations=26 (full 3):
 PSYoungGen      total 620032K, used 593072K [0x00000000d5580000, 0x0000000100000000, 0x0000000100000000)
  eden space 544256K, 100% used [0x00000000d5580000,0x00000000f6900000,0x00000000f6900000)
  from space 75776K, 64% used [0x00000000fb600000,0x00000000fe5ac3e0,0x0000000100000000)
  to   space 77312K, 0% used [0x00000000f6900000,0x00000000f6900000,0x00000000fb480000)
 ParOldGen       total 229888K, used 101389K [0x0000000080000000, 0x000000008e080000, 0x00000000d5580000)
  object space 229888K, 44% used [0x0000000080000000,0x0000000086303670,0x000000008e080000)
 Metaspace       used 90988K, capacity 96008K, committed 96152K, reserved 1132544K
  class space    used 11958K, capacity 12956K, committed 12968K, reserved 1048576K
Event: 116.534 GC heap after
Heap after GC invocations=26 (full 3):
 PSYoungGen      total 592384K, used 47719K [0x00000000d5580000, 0x0000000100000000, 0x0000000100000000)
  eden space 544256K, 0% used [0x00000000d5580000,0x00000000d5580000,0x00000000f6900000)
  from space 48128K, 99% used [0x00000000f6900000,0x00000000f9799e08,0x00000000f9800000)
  to   space 77824K, 0% used [0x00000000fb400000,0x00000000fb400000,0x0000000100000000)
 ParOldGen       total 229888K, used 115713K [0x0000000080000000, 0x000000008e080000, 0x00000000d5580000)
  object space 229888K, 50% used [0x0000000080000000,0x00000000871004c8,0x000000008e080000)
 Metaspace       used 90988K, capacity 96008K, committed 96152K, reserved 1132544K
  class space    used 11958K, capacity 12956K, committed 12968K, reserved 1048576K
}
Event: 117.644 GC heap before
{Heap before GC invocations=27 (full 3):
 PSYoungGen      total 592384K, used 591975K [0x00000000d5580000, 0x0000000100000000, 0x0000000100000000)
  eden space 544256K, 100% used [0x00000000d5580000,0x00000000f6900000,0x00000000f6900000)
  from space 48128K, 99% used [0x00000000f6900000,0x00000000f9799e08,0x00000000f9800000)
  to   space 77824K, 0% used [0x00000000fb400000,0x00000000fb400000,0x0000000100000000)
 ParOldGen       total 229888K, used 115713K [0x0000000080000000, 0x000000008e080000, 0x00000000d5580000)
  object space 229888K, 50% used [0x0000000080000000,0x00000000871004c8,0x000000008e080000)
 Metaspace       used 91299K, capacity 96316K, committed 96536K, reserved 1132544K
  class space    used 11988K, capacity 12992K, committed 13096K, reserved 1048576K
Event: 117.657 GC heap after
Heap after GC invocations=27 (full 3):
 PSYoungGen      total 622080K, used 43380K [0x00000000d5580000, 0x0000000100000000, 0x0000000100000000)
  eden space 544256K, 0% used [0x00000000d5580000,0x00000000d5580000,0x00000000f6900000)
  from space 77824K, 55% used [0x00000000fb400000,0x00000000fde5d2b0,0x0000000100000000)
  to   space 76800K, 0% used [0x00000000f6900000,0x00000000f6900000,0x00000000fb400000)
 ParOldGen       total 229888K, used 118731K [0x0000000080000000, 0x000000008e080000, 0x00000000d5580000)
  object space 229888K, 51% used [0x0000000080000000,0x00000000873f2f10,0x000000008e080000)
 Metaspace       used 91299K, capacity 96316K, committed 96536K, reserved 1132544K
  class space    used 11988K, capacity 12992K, committed 13096K, reserved 1048576K
}
Event: 118.526 GC heap before
{Heap before GC invocations=28 (full 3):
 PSYoungGen      total 622080K, used 167531K [0x00000000d5580000, 0x0000000100000000, 0x0000000100000000)
  eden space 544256K, 22% used [0x00000000d5580000,0x00000000dcebdca8,0x00000000f6900000)
  from space 77824K, 55% used [0x00000000fb400000,0x00000000fde5d2b0,0x0000000100000000)
  to   space 76800K, 0% used [0x00000000f6900000,0x00000000f6900000,0x00000000fb400000)
 ParOldGen       total 229888K, used 118731K [0x0000000080000000, 0x000000008e080000, 0x00000000d5580000)
  object space 229888K, 51% used [0x0000000080000000,0x00000000873f2f10,0x000000008e080000)
 Metaspace       used 93243K, capacity 98592K, committed 98600K, reserved 1134592K
  class space    used 12290K, capacity 13344K, committed 13352K, reserved 1048576K
Event: 118.535 GC heap after
Heap after GC invocations=28 (full 3):
 PSYoungGen      total 621056K, used 9163K [0x00000000d5580000, 0x0000000100000000, 0x0000000100000000)
  eden space 544256K, 0% used [0x00000000d5580000,0x00000000d5580000,0x00000000f6900000)
  from space 76800K, 11% used [0x00000000f6900000,0x00000000f71f2d10,0x00000000fb400000)
  to   space 77312K, 0% used [0x00000000fb480000,0x00000000fb480000,0x0000000100000000)
 ParOldGen       total 229888K, used 129758K [0x0000000080000000, 0x000000008e080000, 0x00000000d5580000)
  object space 229888K, 56% used [0x0000000080000000,0x0000000087eb7970,0x000000008e080000)
 Metaspace       used 93243K, capacity 98592K, committed 98600K, reserved 1134592K
  class space    used 12290K, capacity 13344K, committed 13352K, reserved 1048576K
}
Event: 118.535 GC heap before
{Heap before GC invocations=29 (full 4):
 PSYoungGen      total 621056K, used 9163K [0x00000000d5580000, 0x0000000100000000, 0x0000000100000000)
  eden space 544256K, 0% used [0x00000000d5580000,0x00000000d5580000,0x00000000f6900000)
  from space 76800K, 11% used [0x00000000f6900000,0x00000000f71f2d10,0x00000000fb400000)
  to   space 77312K, 0% used [0x00000000fb480000,0x00000000fb480000,0x0000000100000000)
 ParOldGen       total 229888K, used 129758K [0x0000000080000000, 0x000000008e080000, 0x00000000d5580000)
  object space 229888K, 56% used [0x0000000080000000,0x0000000087eb7970,0x000000008e080000)
 Metaspace       used 93243K, capacity 98592K, committed 98600K, reserved 1134592K
  class space    used 12290K, capacity 13344K, committed 13352K, reserved 1048576K
Event: 118.725 GC heap after
Heap after GC invocations=29 (full 4):
 PSYoungGen      total 621056K, used 0K [0x00000000d5580000, 0x0000000100000000, 0x0000000100000000)
  eden space 544256K, 0% used [0x00000000d5580000,0x00000000d5580000,0x00000000f6900000)
  from space 76800K, 0% used [0x00000000f6900000,0x00000000f6900000,0x00000000fb400000)
  to   space 77312K, 0% used [0x00000000fb480000,0x00000000fb480000,0x0000000100000000)
 ParOldGen       total 325120K, used 74019K [0x0000000080000000, 0x0000000093d80000, 0x00000000d5580000)
  object space 325120K, 22% used [0x0000000080000000,0x0000000084848f20,0x0000000093d80000)
 Metaspace       used 92640K, capacity 96852K, committed 98600K, reserved 1134592K
  class space    used 12091K, capacity 12994K, committed 13352K, reserved 1048576K
}

