# JRE version: OpenJDK Runtime Environment (8.0_242-b01) (build 1.8.0_242-release-1644-b01)
# Java VM: OpenJDK 64-Bit Server VM (25.242-b01 mixed mode windows-amd64 compressed oops)
Heap:
 PSYoungGen      total 76288K, used 3016K [0x000000076b400000, 0x0000000770900000, 0x00000007c0000000)
  eden space 65536K, 4% used [0x000000076b400000,0x000000076b6f20c8,0x000000076f400000)
  from space 10752K, 0% used [0x000000076fe80000,0x000000076fe80000,0x0000000770900000)
  to   space 10752K, 0% used [0x000000076f400000,0x000000076f400000,0x000000076fe80000)
 ParOldGen       total 118272K, used 19800K [0x00000006c1c00000, 0x00000006c8f80000, 0x000000076b400000)
  object space 118272K, 16% used [0x00000006c1c00000,0x00000006c2f562b8,0x00000006c8f80000)
 Metaspace       used 35030K, capacity 35522K, committed 35800K, reserved 1081344K
  class space    used 4431K, capacity 4580K, committed 4608K, reserved 1048576K
GC Heap History (10 events):
Event: 4.340 GC heap before
{Heap before GC invocations=2 (full 0):
 PSYoungGen      total 76288K, used 32130K [0x000000076b400000, 0x0000000770900000, 0x00000007c0000000)
  eden space 65536K, 32% used [0x000000076b400000,0x000000076c8e87d8,0x000000076f400000)
  from space 10752K, 99% used [0x000000076f400000,0x000000076fe78168,0x000000076fe80000)
  to   space 10752K, 0% used [0x000000076fe80000,0x000000076fe80000,0x0000000770900000)
 ParOldGen       total 175104K, used 4605K [0x00000006c1c00000, 0x00000006cc700000, 0x000000076b400000)
  object space 175104K, 2% used [0x00000006c1c00000,0x00000006c207f6b8,0x00000006cc700000)
 Metaspace       used 20818K, capacity 21208K, committed 21248K, reserved 1069056K
  class space    used 2425K, capacity 2558K, committed 2560K, reserved 1048576K
Event: 4.357 GC heap after
Heap after GC invocations=2 (full 0):
 PSYoungGen      total 76288K, used 9906K [0x000000076b400000, 0x0000000770900000, 0x00000007c0000000)
  eden space 65536K, 0% used [0x000000076b400000,0x000000076b400000,0x000000076f400000)
  from space 10752K, 92% used [0x000000076fe80000,0x000000077082cb88,0x0000000770900000)
  to   space 10752K, 0% used [0x000000076f400000,0x000000076f400000,0x000000076fe80000)
 ParOldGen       total 175104K, used 4677K [0x00000006c1c00000, 0x00000006cc700000, 0x000000076b400000)
  object space 175104K, 2% used [0x00000006c1c00000,0x00000006c20916c8,0x00000006cc700000)
 Metaspace       used 20818K, capacity 21208K, committed 21248K, reserved 1069056K
  class space    used 2425K, capacity 2558K, committed 2560K, reserved 1048576K
}
Event: 4.357 GC heap before
{Heap before GC invocations=3 (full 1):
 PSYoungGen      total 76288K, used 9906K [0x000000076b400000, 0x0000000770900000, 0x00000007c0000000)
  eden space 65536K, 0% used [0x000000076b400000,0x000000076b400000,0x000000076f400000)
  from space 10752K, 92% used [0x000000076fe80000,0x000000077082cb88,0x0000000770900000)
  to   space 10752K, 0% used [0x000000076f400000,0x000000076f400000,0x000000076fe80000)
 ParOldGen       total 175104K, used 4677K [0x00000006c1c00000, 0x00000006cc700000, 0x000000076b400000)
  object space 175104K, 2% used [0x00000006c1c00000,0x00000006c20916c8,0x00000006cc700000)
 Metaspace       used 20818K, capacity 21208K, committed 21248K, reserved 1069056K
  class space    used 2425K, capacity 2558K, committed 2560K, reserved 1048576K
Event: 4.432 GC heap after
Heap after GC invocations=3 (full 1):
 PSYoungGen      total 76288K, used 0K [0x000000076b400000, 0x0000000770900000, 0x00000007c0000000)
  eden space 65536K, 0% used [0x000000076b400000,0x000000076b400000,0x000000076f400000)
  from space 10752K, 0% used [0x000000076fe80000,0x000000076fe80000,0x0000000770900000)
  to   space 10752K, 0% used [0x000000076f400000,0x000000076f400000,0x000000076fe80000)
 ParOldGen       total 118272K, used 9466K [0x00000006c1c00000, 0x00000006c8f80000, 0x000000076b400000)
  object space 118272K, 8% used [0x00000006c1c00000,0x00000006c253eb50,0x00000006c8f80000)
 Metaspace       used 20818K, capacity 21208K, committed 21248K, reserved 1069056K
  class space    used 2425K, capacity 2558K, committed 2560K, reserved 1048576K
}
Event: 7.164 GC heap before
{Heap before GC invocations=4 (full 1):
 PSYoungGen      total 76288K, used 65536K [0x000000076b400000, 0x0000000770900000, 0x00000007c0000000)
  eden space 65536K, 100% used [0x000000076b400000,0x000000076f400000,0x000000076f400000)
  from space 10752K, 0% used [0x000000076fe80000,0x000000076fe80000,0x0000000770900000)
  to   space 10752K, 0% used [0x000000076f400000,0x000000076f400000,0x000000076fe80000)
 ParOldGen       total 118272K, used 9466K [0x00000006c1c00000, 0x00000006c8f80000, 0x000000076b400000)
  object space 118272K, 8% used [0x00000006c1c00000,0x00000006c253eb50,0x00000006c8f80000)
 Metaspace       used 29502K, capacity 29996K, committed 30336K, reserved 1075200K
  class space    used 3546K, capacity 3703K, committed 3712K, reserved 1048576K
Event: 7.174 GC heap after
Heap after GC invocations=4 (full 1):
 PSYoungGen      total 76288K, used 10745K [0x000000076b400000, 0x0000000770900000, 0x00000007c0000000)
  eden space 65536K, 0% used [0x000000076b400000,0x000000076b400000,0x000000076f400000)
  from space 10752K, 99% used [0x000000076f400000,0x000000076fe7e520,0x000000076fe80000)
  to   space 10752K, 0% used [0x000000076fe80000,0x000000076fe80000,0x0000000770900000)
 ParOldGen       total 118272K, used 14580K [0x00000006c1c00000, 0x00000006c8f80000, 0x000000076b400000)
  object space 118272K, 12% used [0x00000006c1c00000,0x00000006c2a3d208,0x00000006c8f80000)
 Metaspace       used 29502K, capacity 29996K, committed 30336K, reserved 1075200K
  class space    used 3546K, capacity 3703K, committed 3712K, reserved 1048576K
}
Event: 7.633 GC heap before
{Heap before GC invocations=5 (full 1):
 PSYoungGen      total 76288K, used 39865K [0x000000076b400000, 0x0000000770900000, 0x00000007c0000000)
  eden space 65536K, 44% used [0x000000076b400000,0x000000076d0702c0,0x000000076f400000)
  from space 10752K, 99% used [0x000000076f400000,0x000000076fe7e520,0x000000076fe80000)
  to   space 10752K, 0% used [0x000000076fe80000,0x000000076fe80000,0x0000000770900000)
 ParOldGen       total 118272K, used 14580K [0x00000006c1c00000, 0x00000006c8f80000, 0x000000076b400000)
  object space 118272K, 12% used [0x00000006c1c00000,0x00000006c2a3d208,0x00000006c8f80000)
 Metaspace       used 34540K, capacity 35016K, committed 35416K, reserved 1081344K
  class space    used 4347K, capacity 4477K, committed 4480K, reserved 1048576K
Event: 7.643 GC heap after
Heap after GC invocations=5 (full 1):
 PSYoungGen      total 76288K, used 10734K [0x000000076b400000, 0x0000000770900000, 0x00000007c0000000)
  eden space 65536K, 0% used [0x000000076b400000,0x000000076b400000,0x000000076f400000)
  from space 10752K, 99% used [0x000000076fe80000,0x00000007708fbb48,0x0000000770900000)
  to   space 10752K, 0% used [0x000000076f400000,0x000000076f400000,0x000000076fe80000)
 ParOldGen       total 118272K, used 18194K [0x00000006c1c00000, 0x00000006c8f80000, 0x000000076b400000)
  object space 118272K, 15% used [0x00000006c1c00000,0x00000006c2dc4a18,0x00000006c8f80000)
 Metaspace       used 34540K, capacity 35016K, committed 35416K, reserved 1081344K
  class space    used 4347K, capacity 4477K, committed 4480K, reserved 1048576K
}
Event: 7.643 GC heap before
{Heap before GC invocations=6 (full 2):
 PSYoungGen      total 76288K, used 10734K [0x000000076b400000, 0x0000000770900000, 0x00000007c0000000)
  eden space 65536K, 0% used [0x000000076b400000,0x000000076b400000,0x000000076f400000)
  from space 10752K, 99% used [0x000000076fe80000,0x00000007708fbb48,0x0000000770900000)
  to   space 10752K, 0% used [0x000000076f400000,0x000000076f400000,0x000000076fe80000)
 ParOldGen       total 118272K, used 18194K [0x00000006c1c00000, 0x00000006c8f80000, 0x000000076b400000)
  object space 118272K, 15% used [0x00000006c1c00000,0x00000006c2dc4a18,0x00000006c8f80000)
 Metaspace       used 34540K, capacity 35016K, committed 35416K, reserved 1081344K
  class space    used 4347K, capacity 4477K, committed 4480K, reserved 1048576K
Event: 7.696 GC heap after
Heap after GC invocations=6 (full 2):
 PSYoungGen      total 76288K, used 0K [0x000000076b400000, 0x0000000770900000, 0x00000007c0000000)
  eden space 65536K, 0% used [0x000000076b400000,0x000000076b400000,0x000000076f400000)
  from space 10752K, 0% used [0x000000076fe80000,0x000000076fe80000,0x0000000770900000)
  to   space 10752K, 0% used [0x000000076f400000,0x000000076f400000,0x000000076fe80000)
 ParOldGen       total 118272K, used 19800K [0x00000006c1c00000, 0x00000006c8f80000, 0x000000076b400000)
  object space 118272K, 16% used [0x00000006c1c00000,0x00000006c2f562b8,0x00000006c8f80000)
 Metaspace       used 34540K, capacity 35016K, committed 35416K, reserved 1081344K
  class space    used 4347K, capacity 4477K, committed 4480K, reserved 1048576K
}

