# JRE version: OpenJDK Runtime Environment (8.0_242-b01) (build 1.8.0_242-release-1644-b01)
# Java VM: OpenJDK 64-Bit Server VM (25.242-b01 mixed mode windows-amd64 compressed oops)
Heap:
 PSYoungGen      total 173568K, used 9465K [0x00000000e0000000, 0x00000000ef080000, 0x0000000100000000)
  eden space 160256K, 5% used [0x00000000e0000000,0x00000000e093e5f0,0x00000000e9c80000)
  from space 13312K, 0% used [0x00000000e9c80000,0x00000000e9c80000,0x00000000ea980000)
  to   space 13824K, 0% used [0x00000000ee300000,0x00000000ee300000,0x00000000ef080000)
 ParOldGen       total 77312K, used 14709K [0x00000000a0000000, 0x00000000a4b80000, 0x00000000e0000000)
  object space 77312K, 19% used [0x00000000a0000000,0x00000000a0e5d550,0x00000000a4b80000)
 Metaspace       used 35477K, capacity 36214K, committed 36480K, reserved 1081344K
  class space    used 4679K, capacity 4922K, committed 4992K, reserved 1048576K
GC Heap History (10 events):
Event: 13.010 GC heap before
{Heap before GC invocations=11 (full 1):
 PSYoungGen      total 122880K, used 114035K [0x00000000e0000000, 0x00000000eb680000, 0x0000000100000000)
  eden space 110080K, 100% used [0x00000000e0000000,0x00000000e6b80000,0x00000000e6b80000)
  from space 12800K, 30% used [0x00000000e6b80000,0x00000000e6f5ce18,0x00000000e7800000)
  to   space 13312K, 0% used [0x00000000ea980000,0x00000000ea980000,0x00000000eb680000)
 ParOldGen       total 77312K, used 15115K [0x00000000a0000000, 0x00000000a4b80000, 0x00000000e0000000)
  object space 77312K, 19% used [0x00000000a0000000,0x00000000a0ec2da0,0x00000000a4b80000)
 Metaspace       used 33435K, capacity 34082K, committed 34304K, reserved 1079296K
  class space    used 4518K, capacity 4747K, committed 4864K, reserved 1048576K
Event: 13.014 GC heap after
Heap after GC invocations=11 (full 1):
 PSYoungGen      total 169472K, used 6098K [0x00000000e0000000, 0x00000000eb480000, 0x0000000100000000)
  eden space 158208K, 0% used [0x00000000e0000000,0x00000000e0000000,0x00000000e9a80000)
  from space 11264K, 54% used [0x00000000ea980000,0x00000000eaf74970,0x00000000eb480000)
  to   space 13312K, 0% used [0x00000000e9a80000,0x00000000e9a80000,0x00000000ea780000)
 ParOldGen       total 77312K, used 16334K [0x00000000a0000000, 0x00000000a4b80000, 0x00000000e0000000)
  object space 77312K, 21% used [0x00000000a0000000,0x00000000a0ff3940,0x00000000a4b80000)
 Metaspace       used 33435K, capacity 34082K, committed 34304K, reserved 1079296K
  class space    used 4518K, capacity 4747K, committed 4864K, reserved 1048576K
}
Event: 14.340 GC heap before
{Heap before GC invocations=12 (full 1):
 PSYoungGen      total 169472K, used 164306K [0x00000000e0000000, 0x00000000eb480000, 0x0000000100000000)
  eden space 158208K, 100% used [0x00000000e0000000,0x00000000e9a80000,0x00000000e9a80000)
  from space 11264K, 54% used [0x00000000ea980000,0x00000000eaf74970,0x00000000eb480000)
  to   space 13312K, 0% used [0x00000000e9a80000,0x00000000e9a80000,0x00000000ea780000)
 ParOldGen       total 77312K, used 16334K [0x00000000a0000000, 0x00000000a4b80000, 0x00000000e0000000)
  object space 77312K, 21% used [0x00000000a0000000,0x00000000a0ff3940,0x00000000a4b80000)
 Metaspace       used 33448K, capacity 34082K, committed 34304K, reserved 1079296K
  class space    used 4518K, capacity 4747K, committed 4864K, reserved 1048576K
Event: 14.343 GC heap after
Heap after GC invocations=12 (full 1):
 PSYoungGen      total 171520K, used 4374K [0x00000000e0000000, 0x00000000eb480000, 0x0000000100000000)
  eden space 158208K, 0% used [0x00000000e0000000,0x00000000e0000000,0x00000000e9a80000)
  from space 13312K, 32% used [0x00000000e9a80000,0x00000000e9ec5ba8,0x00000000ea780000)
  to   space 11264K, 0% used [0x00000000ea980000,0x00000000ea980000,0x00000000eb480000)
 ParOldGen       total 77312K, used 16350K [0x00000000a0000000, 0x00000000a4b80000, 0x00000000e0000000)
  object space 77312K, 21% used [0x00000000a0000000,0x00000000a0ff7940,0x00000000a4b80000)
 Metaspace       used 33448K, capacity 34082K, committed 34304K, reserved 1079296K
  class space    used 4518K, capacity 4747K, committed 4864K, reserved 1048576K
}
Event: 15.387 GC heap before
{Heap before GC invocations=13 (full 1):
 PSYoungGen      total 171520K, used 162582K [0x00000000e0000000, 0x00000000eb480000, 0x0000000100000000)
  eden space 158208K, 100% used [0x00000000e0000000,0x00000000e9a80000,0x00000000e9a80000)
  from space 13312K, 32% used [0x00000000e9a80000,0x00000000e9ec5ba8,0x00000000ea780000)
  to   space 11264K, 0% used [0x00000000ea980000,0x00000000ea980000,0x00000000eb480000)
 ParOldGen       total 77312K, used 16350K [0x00000000a0000000, 0x00000000a4b80000, 0x00000000e0000000)
  object space 77312K, 21% used [0x00000000a0000000,0x00000000a0ff7940,0x00000000a4b80000)
 Metaspace       used 33448K, capacity 34082K, committed 34304K, reserved 1079296K
  class space    used 4518K, capacity 4747K, committed 4864K, reserved 1048576K
Event: 15.392 GC heap after
Heap after GC invocations=13 (full 1):
 PSYoungGen      total 171520K, used 8622K [0x00000000e0000000, 0x00000000ef000000, 0x0000000100000000)
  eden space 160256K, 0% used [0x00000000e0000000,0x00000000e0000000,0x00000000e9c80000)
  from space 11264K, 76% used [0x00000000ea980000,0x00000000eb1ebae8,0x00000000eb480000)
  to   space 13312K, 0% used [0x00000000e9c80000,0x00000000e9c80000,0x00000000ea980000)
 ParOldGen       total 77312K, used 17193K [0x00000000a0000000, 0x00000000a4b80000, 0x00000000e0000000)
  object space 77312K, 22% used [0x00000000a0000000,0x00000000a10ca618,0x00000000a4b80000)
 Metaspace       used 33448K, capacity 34082K, committed 34304K, reserved 1079296K
  class space    used 4518K, capacity 4747K, committed 4864K, reserved 1048576K
}
Event: 15.898 GC heap before
{Heap before GC invocations=14 (full 1):
 PSYoungGen      total 171520K, used 105742K [0x00000000e0000000, 0x00000000ef000000, 0x0000000100000000)
  eden space 160256K, 60% used [0x00000000e0000000,0x00000000e5ed80b8,0x00000000e9c80000)
  from space 11264K, 76% used [0x00000000ea980000,0x00000000eb1ebae8,0x00000000eb480000)
  to   space 13312K, 0% used [0x00000000e9c80000,0x00000000e9c80000,0x00000000ea980000)
 ParOldGen       total 77312K, used 17193K [0x00000000a0000000, 0x00000000a4b80000, 0x00000000e0000000)
  object space 77312K, 22% used [0x00000000a0000000,0x00000000a10ca618,0x00000000a4b80000)
 Metaspace       used 34577K, capacity 35326K, committed 35456K, reserved 1079296K
  class space    used 4657K, capacity 4902K, committed 4992K, reserved 1048576K
Event: 15.900 GC heap after
Heap after GC invocations=14 (full 1):
 PSYoungGen      total 173568K, used 2307K [0x00000000e0000000, 0x00000000ef080000, 0x0000000100000000)
  eden space 160256K, 0% used [0x00000000e0000000,0x00000000e0000000,0x00000000e9c80000)
  from space 13312K, 17% used [0x00000000e9c80000,0x00000000e9ec0d60,0x00000000ea980000)
  to   space 13824K, 0% used [0x00000000ee300000,0x00000000ee300000,0x00000000ef080000)
 ParOldGen       total 77312K, used 17233K [0x00000000a0000000, 0x00000000a4b80000, 0x00000000e0000000)
  object space 77312K, 22% used [0x00000000a0000000,0x00000000a10d4618,0x00000000a4b80000)
 Metaspace       used 34577K, capacity 35326K, committed 35456K, reserved 1079296K
  class space    used 4657K, capacity 4902K, committed 4992K, reserved 1048576K
}
Event: 15.900 GC heap before
{Heap before GC invocations=15 (full 2):
 PSYoungGen      total 173568K, used 2307K [0x00000000e0000000, 0x00000000ef080000, 0x0000000100000000)
  eden space 160256K, 0% used [0x00000000e0000000,0x00000000e0000000,0x00000000e9c80000)
  from space 13312K, 17% used [0x00000000e9c80000,0x00000000e9ec0d60,0x00000000ea980000)
  to   space 13824K, 0% used [0x00000000ee300000,0x00000000ee300000,0x00000000ef080000)
 ParOldGen       total 77312K, used 17233K [0x00000000a0000000, 0x00000000a4b80000, 0x00000000e0000000)
  object space 77312K, 22% used [0x00000000a0000000,0x00000000a10d4618,0x00000000a4b80000)
 Metaspace       used 34577K, capacity 35326K, committed 35456K, reserved 1079296K
  class space    used 4657K, capacity 4902K, committed 4992K, reserved 1048576K
Event: 16.002 GC heap after
Heap after GC invocations=15 (full 2):
 PSYoungGen      total 173568K, used 0K [0x00000000e0000000, 0x00000000ef080000, 0x0000000100000000)
  eden space 160256K, 0% used [0x00000000e0000000,0x00000000e0000000,0x00000000e9c80000)
  from space 13312K, 0% used [0x00000000e9c80000,0x00000000e9c80000,0x00000000ea980000)
  to   space 13824K, 0% used [0x00000000ee300000,0x00000000ee300000,0x00000000ef080000)
 ParOldGen       total 77312K, used 14709K [0x00000000a0000000, 0x00000000a4b80000, 0x00000000e0000000)
  object space 77312K, 19% used [0x00000000a0000000,0x00000000a0e5d550,0x00000000a4b80000)
 Metaspace       used 34511K, capacity 35202K, committed 35456K, reserved 1079296K
  class space    used 4639K, capacity 4882K, committed 4992K, reserved 1048576K
}

