# JRE version: OpenJDK Runtime Environment (8.0_242-b01) (build 1.8.0_242-release-1644-b01)
# Java VM: OpenJDK 64-Bit Server VM (25.242-b01 mixed mode windows-amd64 compressed oops)
Heap:
 PSYoungGen      total 565248K, used 171408K [0x00000000d5580000, 0x00000000ff980000, 0x0000000100000000)
  eden space 443904K, 33% used [0x00000000d5580000,0x00000000de872668,0x00000000f0700000)
  from space 121344K, 17% used [0x00000000f8300000,0x00000000f9771aa8,0x00000000ff980000)
  to   space 42496K, 0% used [0x00000000f0700000,0x00000000f0700000,0x00000000f3080000)
 ParOldGen       total 504320K, used 234540K [0x0000000080000000, 0x000000009ec80000, 0x00000000d5580000)
  object space 504320K, 46% used [0x0000000080000000,0x000000008e50b340,0x000000009ec80000)
 Metaspace       used 348625K, capacity 364544K, committed 372504K, reserved 1374208K
  class space    used 42396K, capacity 45255K, committed 46896K, reserved 1048576K
GC Heap History (10 events):
Event: 11684.772 GC heap before
{Heap before GC invocations=89 (full 7):
 PSYoungGen      total 615936K, used 615912K [0x00000000d5580000, 0x0000000100000000, 0x0000000100000000)
  eden space 532992K, 100% used [0x00000000d5580000,0x00000000f5e00000,0x00000000f5e00000)
  from space 82944K, 99% used [0x00000000f5e00000,0x00000000faefa378,0x00000000faf00000)
  to   space 82944K, 0% used [0x00000000faf00000,0x00000000faf00000,0x0000000100000000)
 ParOldGen       total 504320K, used 152455K [0x0000000080000000, 0x000000009ec80000, 0x00000000d5580000)
  object space 504320K, 30% used [0x0000000080000000,0x00000000894e1d98,0x000000009ec80000)
 Metaspace       used 348490K, capacity 364438K, committed 372504K, reserved 1374208K
  class space    used 42386K, capacity 45250K, committed 46896K, reserved 1048576K
Event: 11684.920 GC heap after
Heap after GC invocations=89 (full 7):
 PSYoungGen      total 554496K, used 82914K [0x00000000d5580000, 0x0000000100000000, 0x0000000100000000)
  eden space 471552K, 0% used [0x00000000d5580000,0x00000000d5580000,0x00000000f2200000)
  from space 82944K, 99% used [0x00000000faf00000,0x00000000ffff8830,0x0000000100000000)
  to   space 113664K, 0% used [0x00000000f2200000,0x00000000f2200000,0x00000000f9100000)
 ParOldGen       total 504320K, used 156697K [0x0000000080000000, 0x000000009ec80000, 0x00000000d5580000)
  object space 504320K, 31% used [0x0000000080000000,0x0000000089906748,0x000000009ec80000)
 Metaspace       used 348490K, capacity 364438K, committed 372504K, reserved 1374208K
  class space    used 42386K, capacity 45250K, committed 46896K, reserved 1048576K
}
Event: 11686.638 GC heap before
{Heap before GC invocations=90 (full 7):
 PSYoungGen      total 554496K, used 554466K [0x00000000d5580000, 0x0000000100000000, 0x0000000100000000)
  eden space 471552K, 100% used [0x00000000d5580000,0x00000000f2200000,0x00000000f2200000)
  from space 82944K, 99% used [0x00000000faf00000,0x00000000ffff8830,0x0000000100000000)
  to   space 113664K, 0% used [0x00000000f2200000,0x00000000f2200000,0x00000000f9100000)
 ParOldGen       total 504320K, used 156697K [0x0000000080000000, 0x000000009ec80000, 0x00000000d5580000)
  object space 504320K, 31% used [0x0000000080000000,0x0000000089906748,0x000000009ec80000)
 Metaspace       used 348568K, capacity 364524K, committed 372504K, reserved 1374208K
  class space    used 42394K, capacity 45253K, committed 46896K, reserved 1048576K
Event: 11686.748 GC heap after
Heap after GC invocations=90 (full 7):
 PSYoungGen      total 557056K, used 85090K [0x00000000d5580000, 0x0000000100000000, 0x0000000100000000)
  eden space 471552K, 0% used [0x00000000d5580000,0x00000000d5580000,0x00000000f2200000)
  from space 85504K, 99% used [0x00000000f2200000,0x00000000f7518b60,0x00000000f7580000)
  to   space 121856K, 0% used [0x00000000f8900000,0x00000000f8900000,0x0000000100000000)
 ParOldGen       total 504320K, used 156697K [0x0000000080000000, 0x000000009ec80000, 0x00000000d5580000)
  object space 504320K, 31% used [0x0000000080000000,0x0000000089906748,0x000000009ec80000)
 Metaspace       used 348568K, capacity 364524K, committed 372504K, reserved 1374208K
  class space    used 42394K, capacity 45253K, committed 46896K, reserved 1048576K
}
Event: 11688.253 GC heap before
{Heap before GC invocations=91 (full 7):
 PSYoungGen      total 557056K, used 556642K [0x00000000d5580000, 0x0000000100000000, 0x0000000100000000)
  eden space 471552K, 100% used [0x00000000d5580000,0x00000000f2200000,0x00000000f2200000)
  from space 85504K, 99% used [0x00000000f2200000,0x00000000f7518b60,0x00000000f7580000)
  to   space 121856K, 0% used [0x00000000f8900000,0x00000000f8900000,0x0000000100000000)
 ParOldGen       total 504320K, used 156697K [0x0000000080000000, 0x000000009ec80000, 0x00000000d5580000)
  object space 504320K, 31% used [0x0000000080000000,0x0000000089906748,0x000000009ec80000)
 Metaspace       used 348595K, capacity 364528K, committed 372504K, reserved 1374208K
  class space    used 42394K, capacity 45253K, committed 46896K, reserved 1048576K
Event: 11688.374 GC heap after
Heap after GC invocations=91 (full 7):
 PSYoungGen      total 565760K, used 83500K [0x00000000d5580000, 0x0000000100000000, 0x0000000100000000)
  eden space 443904K, 0% used [0x00000000d5580000,0x00000000d5580000,0x00000000f0700000)
  from space 121856K, 68% used [0x00000000f8900000,0x00000000fda8b1f8,0x0000000100000000)
  to   space 127488K, 0% used [0x00000000f0700000,0x00000000f0700000,0x00000000f8380000)
 ParOldGen       total 504320K, used 164688K [0x0000000080000000, 0x000000009ec80000, 0x00000000d5580000)
  object space 504320K, 32% used [0x0000000080000000,0x000000008a0d4178,0x000000009ec80000)
 Metaspace       used 348595K, capacity 364528K, committed 372504K, reserved 1374208K
  class space    used 42394K, capacity 45253K, committed 46896K, reserved 1048576K
}
Event: 11690.284 GC heap before
{Heap before GC invocations=92 (full 7):
 PSYoungGen      total 565760K, used 527404K [0x00000000d5580000, 0x0000000100000000, 0x0000000100000000)
  eden space 443904K, 100% used [0x00000000d5580000,0x00000000f0700000,0x00000000f0700000)
  from space 121856K, 68% used [0x00000000f8900000,0x00000000fda8b1f8,0x0000000100000000)
  to   space 127488K, 0% used [0x00000000f0700000,0x00000000f0700000,0x00000000f8380000)
 ParOldGen       total 504320K, used 164688K [0x0000000080000000, 0x000000009ec80000, 0x00000000d5580000)
  object space 504320K, 32% used [0x0000000080000000,0x000000008a0d4178,0x000000009ec80000)
 Metaspace       used 348613K, capacity 364538K, committed 372504K, reserved 1374208K
  class space    used 42395K, capacity 45254K, committed 46896K, reserved 1048576K
Event: 11690.620 GC heap after
Heap after GC invocations=92 (full 7):
 PSYoungGen      total 486400K, used 42345K [0x00000000d5580000, 0x00000000ff980000, 0x0000000100000000)
  eden space 443904K, 0% used [0x00000000d5580000,0x00000000d5580000,0x00000000f0700000)
  from space 42496K, 99% used [0x00000000f0700000,0x00000000f305a5f0,0x00000000f3080000)
  to   space 121344K, 0% used [0x00000000f8300000,0x00000000f8300000,0x00000000ff980000)
 ParOldGen       total 504320K, used 208993K [0x0000000080000000, 0x000000009ec80000, 0x00000000d5580000)
  object space 504320K, 41% used [0x0000000080000000,0x000000008cc18420,0x000000009ec80000)
 Metaspace       used 348613K, capacity 364538K, committed 372504K, reserved 1374208K
  class space    used 42395K, capacity 45254K, committed 46896K, reserved 1048576K
}
Event: 11692.282 GC heap before
{Heap before GC invocations=93 (full 7):
 PSYoungGen      total 486400K, used 486249K [0x00000000d5580000, 0x00000000ff980000, 0x0000000100000000)
  eden space 443904K, 100% used [0x00000000d5580000,0x00000000f0700000,0x00000000f0700000)
  from space 42496K, 99% used [0x00000000f0700000,0x00000000f305a5f0,0x00000000f3080000)
  to   space 121344K, 0% used [0x00000000f8300000,0x00000000f8300000,0x00000000ff980000)
 ParOldGen       total 504320K, used 208993K [0x0000000080000000, 0x000000009ec80000, 0x00000000d5580000)
  object space 504320K, 41% used [0x0000000080000000,0x000000008cc18420,0x000000009ec80000)
 Metaspace       used 348622K, capacity 364544K, committed 372504K, reserved 1374208K
  class space    used 42396K, capacity 45255K, committed 46896K, reserved 1048576K
Event: 11692.491 GC heap after
Heap after GC invocations=93 (full 7):
 PSYoungGen      total 565248K, used 20934K [0x00000000d5580000, 0x00000000ff980000, 0x0000000100000000)
  eden space 443904K, 0% used [0x00000000d5580000,0x00000000d5580000,0x00000000f0700000)
  from space 121344K, 17% used [0x00000000f8300000,0x00000000f9771aa8,0x00000000ff980000)
  to   space 42496K, 0% used [0x00000000f0700000,0x00000000f0700000,0x00000000f3080000)
 ParOldGen       total 504320K, used 234540K [0x0000000080000000, 0x000000009ec80000, 0x00000000d5580000)
  object space 504320K, 46% used [0x0000000080000000,0x000000008e50b340,0x000000009ec80000)
 Metaspace       used 348622K, capacity 364544K, committed 372504K, reserved 1374208K
  class space    used 42396K, capacity 45255K, committed 46896K, reserved 1048576K
}

