# JRE version: OpenJDK Runtime Environment (8.0_242-b01) (build 1.8.0_242-release-1644-b01)
# Java VM: OpenJDK 64-Bit Server VM (25.242-b01 mixed mode windows-amd64 compressed oops)
Heap:
 PSYoungGen      total 195584K, used 3406K [0x000000076b400000, 0x000000077b600000, 0x00000007c0000000)
  eden space 158208K, 2% used [0x000000076b400000,0x000000076b753bb8,0x0000000774e80000)
  from space 37376K, 0% used [0x0000000777500000,0x0000000777500000,0x0000000779980000)
  to   space 39424K, 0% used [0x0000000774e80000,0x0000000774e80000,0x0000000777500000)
 ParOldGen       total 194560K, used 51758K [0x00000006c1c00000, 0x00000006cda00000, 0x000000076b400000)
  object space 194560K, 26% used [0x00000006c1c00000,0x00000006c4e8baf8,0x00000006cda00000)
 Metaspace       used 58000K, capacity 58980K, committed 59544K, reserved 1101824K
  class space    used 6765K, capacity 6995K, committed 7088K, reserved 1048576K
GC Heap History (10 events):
Event: 5.505 GC heap before
{Heap before GC invocations=7 (full 2):
 PSYoungGen      total 102400K, used 91648K [0x000000076b400000, 0x0000000772500000, 0x00000007c0000000)
  eden space 91648K, 100% used [0x000000076b400000,0x0000000770d80000,0x0000000770d80000)
  from space 10752K, 0% used [0x0000000771800000,0x0000000771800000,0x0000000772280000)
  to   space 10752K, 0% used [0x0000000770d80000,0x0000000770d80000,0x0000000771800000)
 ParOldGen       total 194560K, used 19863K [0x00000006c1c00000, 0x00000006cda00000, 0x000000076b400000)
  object space 194560K, 10% used [0x00000006c1c00000,0x00000006c2f65c88,0x00000006cda00000)
 Metaspace       used 41960K, capacity 42656K, committed 43056K, reserved 1087488K
  class space    used 5176K, capacity 5367K, committed 5424K, reserved 1048576K
Event: 5.529 GC heap after
Heap after GC invocations=7 (full 2):
 PSYoungGen      total 102400K, used 10746K [0x000000076b400000, 0x0000000775580000, 0x00000007c0000000)
  eden space 91648K, 0% used [0x000000076b400000,0x000000076b400000,0x0000000770d80000)
  from space 10752K, 99% used [0x0000000770d80000,0x00000007717feac8,0x0000000771800000)
  to   space 19968K, 0% used [0x0000000774200000,0x0000000774200000,0x0000000775580000)
 ParOldGen       total 194560K, used 26775K [0x00000006c1c00000, 0x00000006cda00000, 0x000000076b400000)
  object space 194560K, 13% used [0x00000006c1c00000,0x00000006c3625e38,0x00000006cda00000)
 Metaspace       used 41960K, capacity 42656K, committed 43056K, reserved 1087488K
  class space    used 5176K, capacity 5367K, committed 5424K, reserved 1048576K
}
Event: 7.965 GC heap before
{Heap before GC invocations=8 (full 2):
 PSYoungGen      total 102400K, used 102394K [0x000000076b400000, 0x0000000775580000, 0x00000007c0000000)
  eden space 91648K, 100% used [0x000000076b400000,0x0000000770d80000,0x0000000770d80000)
  from space 10752K, 99% used [0x0000000770d80000,0x00000007717feac8,0x0000000771800000)
  to   space 19968K, 0% used [0x0000000774200000,0x0000000774200000,0x0000000775580000)
 ParOldGen       total 194560K, used 26775K [0x00000006c1c00000, 0x00000006cda00000, 0x000000076b400000)
  object space 194560K, 13% used [0x00000006c1c00000,0x00000006c3625e38,0x00000006cda00000)
 Metaspace       used 47900K, capacity 48690K, committed 49072K, reserved 1091584K
  class space    used 5826K, capacity 6026K, committed 6064K, reserved 1048576K
Event: 7.994 GC heap after
Heap after GC invocations=8 (full 2):
 PSYoungGen      total 139264K, used 19962K [0x000000076b400000, 0x0000000776080000, 0x00000007c0000000)
  eden space 119296K, 0% used [0x000000076b400000,0x000000076b400000,0x0000000772880000)
  from space 19968K, 99% used [0x0000000774200000,0x000000077557e810,0x0000000775580000)
  to   space 26112K, 0% used [0x0000000772880000,0x0000000772880000,0x0000000774200000)
 ParOldGen       total 194560K, used 34067K [0x00000006c1c00000, 0x00000006cda00000, 0x000000076b400000)
  object space 194560K, 17% used [0x00000006c1c00000,0x00000006c3d44d10,0x00000006cda00000)
 Metaspace       used 47900K, capacity 48690K, committed 49072K, reserved 1091584K
  class space    used 5826K, capacity 6026K, committed 6064K, reserved 1048576K
}
Event: 11.629 GC heap before
{Heap before GC invocations=9 (full 2):
 PSYoungGen      total 139264K, used 139258K [0x000000076b400000, 0x0000000776080000, 0x00000007c0000000)
  eden space 119296K, 100% used [0x000000076b400000,0x0000000772880000,0x0000000772880000)
  from space 19968K, 99% used [0x0000000774200000,0x000000077557e810,0x0000000775580000)
  to   space 26112K, 0% used [0x0000000772880000,0x0000000772880000,0x0000000774200000)
 ParOldGen       total 194560K, used 34067K [0x00000006c1c00000, 0x00000006cda00000, 0x000000076b400000)
  object space 194560K, 17% used [0x00000006c1c00000,0x00000006c3d44d10,0x00000006cda00000)
 Metaspace       used 55297K, capacity 56202K, committed 56752K, reserved 1099776K
  class space    used 6516K, capacity 6744K, committed 6832K, reserved 1048576K
Event: 11.668 GC heap after
Heap after GC invocations=9 (full 2):
 PSYoungGen      total 145408K, used 26087K [0x000000076b400000, 0x0000000779980000, 0x00000007c0000000)
  eden space 119296K, 0% used [0x000000076b400000,0x000000076b400000,0x0000000772880000)
  from space 26112K, 99% used [0x0000000772880000,0x00000007741f9f78,0x0000000774200000)
  to   space 37376K, 0% used [0x0000000777500000,0x0000000777500000,0x0000000779980000)
 ParOldGen       total 194560K, used 49261K [0x00000006c1c00000, 0x00000006cda00000, 0x000000076b400000)
  object space 194560K, 25% used [0x00000006c1c00000,0x00000006c4c1b528,0x00000006cda00000)
 Metaspace       used 55297K, capacity 56202K, committed 56752K, reserved 1099776K
  class space    used 6516K, capacity 6744K, committed 6832K, reserved 1048576K
}
Event: 11.936 GC heap before
{Heap before GC invocations=10 (full 2):
 PSYoungGen      total 145408K, used 39404K [0x000000076b400000, 0x0000000779980000, 0x00000007c0000000)
  eden space 119296K, 11% used [0x000000076b400000,0x000000076c1012f0,0x0000000772880000)
  from space 26112K, 99% used [0x0000000772880000,0x00000007741f9f78,0x0000000774200000)
  to   space 37376K, 0% used [0x0000000777500000,0x0000000777500000,0x0000000779980000)
 ParOldGen       total 194560K, used 49261K [0x00000006c1c00000, 0x00000006cda00000, 0x000000076b400000)
  object space 194560K, 25% used [0x00000006c1c00000,0x00000006c4c1b528,0x00000006cda00000)
 Metaspace       used 57791K, capacity 58678K, committed 59160K, reserved 1101824K
  class space    used 6750K, capacity 6960K, committed 6960K, reserved 1048576K
Event: 11.961 GC heap after
Heap after GC invocations=10 (full 2):
 PSYoungGen      total 195584K, used 28988K [0x000000076b400000, 0x000000077b600000, 0x00000007c0000000)
  eden space 158208K, 0% used [0x000000076b400000,0x000000076b400000,0x0000000774e80000)
  from space 37376K, 77% used [0x0000000777500000,0x000000077914f0d0,0x0000000779980000)
  to   space 39424K, 0% used [0x0000000774e80000,0x0000000774e80000,0x0000000777500000)
 ParOldGen       total 194560K, used 49283K [0x00000006c1c00000, 0x00000006cda00000, 0x000000076b400000)
  object space 194560K, 25% used [0x00000006c1c00000,0x00000006c4c20fb8,0x00000006cda00000)
 Metaspace       used 57791K, capacity 58678K, committed 59160K, reserved 1101824K
  class space    used 6750K, capacity 6960K, committed 6960K, reserved 1048576K
}
Event: 11.961 GC heap before
{Heap before GC invocations=11 (full 3):
 PSYoungGen      total 195584K, used 28988K [0x000000076b400000, 0x000000077b600000, 0x00000007c0000000)
  eden space 158208K, 0% used [0x000000076b400000,0x000000076b400000,0x0000000774e80000)
  from space 37376K, 77% used [0x0000000777500000,0x000000077914f0d0,0x0000000779980000)
  to   space 39424K, 0% used [0x0000000774e80000,0x0000000774e80000,0x0000000777500000)
 ParOldGen       total 194560K, used 49283K [0x00000006c1c00000, 0x00000006cda00000, 0x000000076b400000)
  object space 194560K, 25% used [0x00000006c1c00000,0x00000006c4c20fb8,0x00000006cda00000)
 Metaspace       used 57791K, capacity 58678K, committed 59160K, reserved 1101824K
  class space    used 6750K, capacity 6960K, committed 6960K, reserved 1048576K
Event: 12.225 GC heap after
Heap after GC invocations=11 (full 3):
 PSYoungGen      total 195584K, used 0K [0x000000076b400000, 0x000000077b600000, 0x00000007c0000000)
  eden space 158208K, 0% used [0x000000076b400000,0x000000076b400000,0x0000000774e80000)
  from space 37376K, 0% used [0x0000000777500000,0x0000000777500000,0x0000000779980000)
  to   space 39424K, 0% used [0x0000000774e80000,0x0000000774e80000,0x0000000777500000)
 ParOldGen       total 194560K, used 51758K [0x00000006c1c00000, 0x00000006cda00000, 0x000000076b400000)
  object space 194560K, 26% used [0x00000006c1c00000,0x00000006c4e8baf8,0x00000006cda00000)
 Metaspace       used 57791K, capacity 58678K, committed 59160K, reserved 1101824K
  class space    used 6750K, capacity 6960K, committed 6960K, reserved 1048576K
}

